Configuration file: /home/dchan/personal-work/personalWebsite2/_config.yml
  Jekyll Spaceship: [1m🚀 Jekyll-Spaceship 0.10.2[0m
  Jekyll Spaceship: [1m🎉 A Jekyll plugin to provide powerful supports.[0m
  Jekyll Spaceship: [1m👉 [4mhttps://github.com/jeffreytse/jekyll-spaceship[0m
  Jekyll Spaceship: [1m🗂  use table-processor[0m
  Jekyll Spaceship: [1m🗂  use mathjax-processor[0m
  Jekyll Spaceship: [1m🗂  use plantuml-processor[0m
  Jekyll Spaceship: [1m🗂  use mermaid-processor[0m
  Jekyll Spaceship: [1m🗂  use polyfill-processor[0m
  Jekyll Spaceship: [1m🗂  use media-processor[0m
  Jekyll Spaceship: [1m🗂  use emoji-processor[0m
  Jekyll Spaceship: [1m🗂  use element-processor[0m
            Source: /home/dchan/personal-work/personalWebsite2
       Destination: /home/dchan/personal-work/personalWebsite2/_site
 Incremental build: disabled. Enable with --incremental
      Generating... 
       Jekyll Feed: Generating feed for posts
  Jekyll Spaceship: [1m[TableProcessor] _posts/2026-02-11-cmu-classes.md[0m
  Jekyll Spaceship: [1m[EmojiProcessor] about.html[0m
                    done in 0.486 seconds.
 Auto-regeneration: enabled for '/home/dchan/personal-work/personalWebsite2'
LiveReload address: http://127.0.1:35729
    Server address: http://127.0.1:4000/
  Server running... press ctrl-c to stop.
      Regenerating: 1 file(s) changed at 2026-02-13 17:04:06
                    _posts/2020-08-01-ucsf-bchsi.md
       Jekyll Feed: Generating feed for posts
                    ...done in 0.281362407 seconds.
                    
      Regenerating: 1 file(s) changed at 2026-02-13 17:04:55
                    _posts/2020-08-01-ucsf-bchsi.md
       Jekyll Feed: Generating feed for posts
                    ...done in 0.24012062 seconds.
                    
      Regenerating: 1 file(s) changed at 2026-02-13 17:06:46
                    _posts/2020-08-01-ucsf-bchsi.md
       Jekyll Feed: Generating feed for posts
                    ...done in 0.247548877 seconds.
                    
      Regenerating: 1 file(s) changed at 2026-02-13 17:06:53
                    _posts/2020-08-01-ucsf-bchsi.md
       Jekyll Feed: Generating feed for posts
                    ...done in 0.254332663 seconds.
                    
      Regenerating: 1 file(s) changed at 2026-02-13 17:08:18
                    _posts/2026-02-11-cmu.md
       Jekyll Feed: Generating feed for posts
                    ...done in 0.246236942 seconds.
                    
      Regenerating: 1 file(s) changed at 2026-02-13 17:08:47
                    _posts/2026-02-11-cmu.md
       Jekyll Feed: Generating feed for posts
                    ...done in 0.253278527 seconds.
                    
        LiveReload: Browser connected
[2026-02-13 17:08:54] ERROR '/education/2026/02/11/assets/brand/favicon.ico' not found.
[2026-02-13 17:09:13] ERROR '/education/2026/02/11/assets/brand/favicon.ico' not found.
[2026-02-13 17:09:13] ERROR '/education/2026/02/11/assets/brand/favicon.ico' not found.
[2026-02-13 17:09:16] ERROR '/projects/2025/01/19/assets/brand/favicon.ico' not found.
[2026-02-13 17:09:16] ERROR '/projects/2025/01/19/assets/brand/favicon.ico' not found.
[2026-02-13 17:09:22] ERROR '/experience/2020/08/01/assets/brand/favicon.ico' not found.
[2026-02-13 17:09:22] ERROR '/experience/2020/08/01/assets/brand/favicon.ico' not found.
      Regenerating: 1 file(s) changed at 2026-02-13 17:09:29
                    _posts/2026-02-11-cmu.md
       Jekyll Feed: Generating feed for posts
                    ...done in 0.265431961 seconds.
                    
[2026-02-13 17:09:30] ERROR '/experience/2020/08/01/assets/brand/favicon.ico' not found.
[2026-02-13 17:09:30] ERROR '/experience/2020/08/01/assets/brand/favicon.ico' not found.
      Regenerating: 1 file(s) changed at 2026-02-13 17:09:46
                    _posts/2020-08-01-ucsf-bchsi.md
       Jekyll Feed: Generating feed for posts
                    ...done in 0.243400239 seconds.
                    
[2026-02-13 17:09:46] ERROR '/experience/2020/08/01/assets/brand/favicon.ico' not found.
[2026-02-13 17:09:46] ERROR '/experience/2020/08/01/assets/brand/favicon.ico' not found.
      Regenerating: 1 file(s) changed at 2026-02-13 17:09:56
                    _posts/2020-08-01-ucsf-bchsi.md
       Jekyll Feed: Generating feed for posts
                    ...done in 0.255670899 seconds.
                    
[2026-02-13 17:09:57] ERROR '/experience/2020/08/01/assets/brand/favicon.ico' not found.
[2026-02-13 17:09:57] ERROR '/experience/2020/08/01/assets/brand/favicon.ico' not found.
      Regenerating: 1 file(s) changed at 2026-02-13 17:10:02
                    _posts/2020-08-01-ucsf-bchsi.md
       Jekyll Feed: Generating feed for posts
                    ...done in 0.254158573 seconds.
                    
[2026-02-13 17:10:02] ERROR '/experience/2020/08/01/assets/brand/favicon.ico' not found.
[2026-02-13 17:10:02] ERROR '/experience/2020/08/01/assets/brand/favicon.ico' not found.
      Regenerating: 2 file(s) changed at 2026-02-13 17:11:15
                    _posts/2020-08-14-ucsf-bchsi.md
                    _posts/2020-08-01-ucsf-bchsi.md
       Jekyll Feed: Generating feed for posts
                    ...done in 0.258739409 seconds.
                    
[2026-02-13 17:11:15] ERROR '/experience/2020/08/01/ucsf-bchsi.html' not found.
[2026-02-13 17:11:15] ERROR '/experience/2020/08/01/assets/brand/favicon.ico' not found.
[2026-02-13 17:11:15] ERROR '/experience/2020/08/01/assets/brand/favicon.ico' not found.
      Regenerating: 1 file(s) changed at 2026-02-13 17:11:18
                    _posts/2020-08-14-ucsf-bchsi.md
       Jekyll Feed: Generating feed for posts
                    ...done in 0.242680675 seconds.
                    
[2026-02-13 17:11:24] ERROR '/experience/2020/08/01/ucsf-bchsi.html' not found.
[2026-02-13 17:11:24] ERROR '/experience/2020/08/01/assets/brand/favicon.ico' not found.
[2026-02-13 17:11:27] ERROR '/experience/2020/08/24/ucsf-bchsi.html' not found.
[2026-02-13 17:11:27] ERROR '/experience/2020/08/24/assets/brand/favicon.ico' not found.
[2026-02-13 17:11:34] ERROR '/experience/2020/08/21/ucsf-bchsi.html' not found.
[2026-02-13 17:11:34] ERROR '/experience/2020/08/21/assets/brand/favicon.ico' not found.
[2026-02-13 17:11:38] ERROR '/experience/2020/08/14/assets/brand/favicon.ico' not found.
[2026-02-13 17:11:38] ERROR '/experience/2020/08/14/assets/brand/favicon.ico' not found.
      Regenerating: 1 file(s) changed at 2026-02-13 17:12:06
                    _posts/2020-08-14-ucsf-bchsi.md
       Jekyll Feed: Generating feed for posts
                    ...done in 0.238277358 seconds.
                    
[2026-02-13 17:12:06] ERROR '/experience/2020/08/14/assets/brand/favicon.ico' not found.
[2026-02-13 17:12:06] ERROR '/experience/2020/08/14/assets/brand/favicon.ico' not found.
      Regenerating: 1 file(s) changed at 2026-02-13 17:12:09
                    _posts/2026-02-11-cmu.md
       Jekyll Feed: Generating feed for posts
                    ...done in 0.256162762 seconds.
                    
[2026-02-13 17:12:09] ERROR '/experience/2020/08/14/assets/brand/favicon.ico' not found.
      Regenerating: 1 file(s) changed at 2026-02-13 17:13:01
                    _posts/2020-08-14-ucsf-bchsi.md
       Jekyll Feed: Generating feed for posts
                    ...done in 0.256812276 seconds.
                    
[2026-02-13 17:13:01] ERROR '/experience/2020/08/14/assets/brand/favicon.ico' not found.
[2026-02-13 17:13:01] ERROR '/experience/2020/08/14/assets/brand/favicon.ico' not found.
      Regenerating: 1 file(s) changed at 2026-02-13 17:13:45
                    _posts/2020-08-14-ucsf-bchsi.md
       Jekyll Feed: Generating feed for posts
                    ...done in 0.272970378 seconds.
                    
[2026-02-13 17:13:45] ERROR '/experience/2020/08/14/assets/brand/favicon.ico' not found.
[2026-02-13 17:13:45] ERROR '/experience/2020/08/14/assets/brand/favicon.ico' not found.
      Regenerating: 1 file(s) changed at 2026-02-13 17:14:03
                    _posts/2020-08-14-ucsf-bchsi.md
       Jekyll Feed: Generating feed for posts
                    ...done in 0.242268195 seconds.
                    
[2026-02-13 17:14:04] ERROR '/experience/2020/08/14/assets/brand/favicon.ico' not found.
      Regenerating: 1 file(s) changed at 2026-02-13 17:14:16
                    _posts/2026-02-11-cmu.md
       Jekyll Feed: Generating feed for posts
                    ...done in 0.266454334 seconds.
                    
[2026-02-13 17:14:17] ERROR '/experience/2020/08/14/assets/brand/favicon.ico' not found.
[2026-02-13 17:14:17] ERROR '/experience/2020/08/14/assets/brand/favicon.ico' not found.
      Regenerating: 1 file(s) changed at 2026-02-13 17:15:48
                    _posts/2020-08-14-ucsf-bchsi.md
       Jekyll Feed: Generating feed for posts
                    ...done in 0.276337059 seconds.
                    
[2026-02-13 17:15:49] ERROR '/experience/2020/08/14/assets/brand/favicon.ico' not found.
[2026-02-13 17:15:49] ERROR '/experience/2020/08/14/assets/brand/favicon.ico' not found.
      Regenerating: 1 file(s) changed at 2026-02-13 17:16:04
                    _posts/2020-08-14-ucsf-bchsi.md
       Jekyll Feed: Generating feed for posts
                    ...done in 0.264234785 seconds.
                    
[2026-02-13 17:16:05] ERROR '/experience/2020/08/14/assets/brand/favicon.ico' not found.
[2026-02-13 17:16:05] ERROR '/experience/2020/08/14/assets/brand/favicon.ico' not found.
      Regenerating: 1 file(s) changed at 2026-02-13 17:16:15
                    _posts/2020-08-14-ucsf-bchsi.md
       Jekyll Feed: Generating feed for posts
                    ...done in 0.266853164 seconds.
                    
[2026-02-13 17:16:16] ERROR '/experience/2020/08/14/assets/brand/favicon.ico' not found.
      Regenerating: 1 file(s) changed at 2026-02-13 17:16:31
                    _posts/2020-08-14-ucsf-bchsi.md
       Jekyll Feed: Generating feed for posts
                    ...done in 0.270248149 seconds.
                    
[2026-02-13 17:16:32] ERROR '/experience/2020/08/14/assets/brand/favicon.ico' not found.
[2026-02-13 17:16:32] ERROR '/experience/2020/08/14/assets/brand/favicon.ico' not found.
      Regenerating: 1 file(s) changed at 2026-02-13 17:17:49
                    _posts/2020-08-14-ucsf-bchsi.md
       Jekyll Feed: Generating feed for posts
                    ...done in 0.286810269 seconds.
                    
[2026-02-13 17:17:49] ERROR '/experience/2020/08/14/assets/brand/favicon.ico' not found.
[2026-02-13 17:17:49] ERROR '/experience/2020/08/14/assets/brand/favicon.ico' not found.
      Regenerating: 1 file(s) changed at 2026-02-13 17:18:01
                    _posts/2020-08-14-ucsf-bchsi.md
       Jekyll Feed: Generating feed for posts
                    ...done in 0.260228387 seconds.
                    
[2026-02-13 17:18:02] ERROR '/experience/2020/08/14/assets/brand/favicon.ico' not found.
[2026-02-13 17:18:02] ERROR '/experience/2020/08/14/assets/brand/favicon.ico' not found.
      Regenerating: 1 file(s) changed at 2026-02-13 17:18:19
                    _posts/2020-08-14-ucsf-bchsi.md
       Jekyll Feed: Generating feed for posts
                    ...done in 0.244414462 seconds.
                    
[2026-02-13 17:18:19] ERROR '/experience/2020/08/14/assets/brand/favicon.ico' not found.
[2026-02-13 17:18:19] ERROR '/experience/2020/08/14/assets/brand/favicon.ico' not found.
      Regenerating: 1 file(s) changed at 2026-02-13 17:18:45
                    _posts/2020-08-14-ucsf-bchsi.md
       Jekyll Feed: Generating feed for posts
                    ...done in 0.257750997 seconds.
                    
[2026-02-13 17:18:46] ERROR '/experience/2020/08/14/assets/brand/favicon.ico' not found.
[2026-02-13 17:18:46] ERROR '/experience/2020/08/14/assets/brand/favicon.ico' not found.
      Regenerating: 1 file(s) changed at 2026-02-13 17:19:12
                    _posts/2020-08-14-ucsf-bchsi.md
       Jekyll Feed: Generating feed for posts
                    ...done in 0.265129399 seconds.
                    
[2026-02-13 17:19:13] ERROR '/experience/2020/08/14/assets/brand/favicon.ico' not found.
[2026-02-13 17:19:13] ERROR '/experience/2020/08/14/assets/brand/favicon.ico' not found.
      Regenerating: 1 file(s) changed at 2026-02-13 17:19:31
                    _posts/2020-08-14-ucsf-bchsi.md
       Jekyll Feed: Generating feed for posts
                    ...done in 0.242574212 seconds.
                    
[2026-02-13 17:19:31] ERROR '/experience/2020/08/14/assets/brand/favicon.ico' not found.
[2026-02-13 17:19:31] ERROR '/experience/2020/08/14/assets/brand/favicon.ico' not found.
      Regenerating: 1 file(s) changed at 2026-02-13 17:19:41
                    _posts/2020-08-14-ucsf-bchsi.md
       Jekyll Feed: Generating feed for posts
                    ...done in 0.245883409 seconds.
                    
[2026-02-13 17:19:42] ERROR '/experience/2020/08/14/assets/brand/favicon.ico' not found.
[2026-02-13 17:19:42] ERROR '/experience/2020/08/14/assets/brand/favicon.ico' not found.
      Regenerating: 1 file(s) changed at 2026-02-13 17:20:29
                    _posts/2020-08-14-ucsf-bchsi.md
       Jekyll Feed: Generating feed for posts
                    ...done in 0.267597056 seconds.
                    
[2026-02-13 17:20:30] ERROR '/experience/2020/08/14/assets/brand/favicon.ico' not found.
      Regenerating: 1 file(s) changed at 2026-02-13 17:21:40
                    _posts/2020-08-14-ucsf-bchsi.md
       Jekyll Feed: Generating feed for posts
                    ...done in 0.2458972 seconds.
                    
[2026-02-13 17:21:40] ERROR '/experience/2020/08/14/assets/brand/favicon.ico' not found.
[2026-02-13 17:21:40] ERROR '/experience/2020/08/14/assets/brand/favicon.ico' not found.
      Regenerating: 1 file(s) changed at 2026-02-13 17:21:43
                    _posts/2020-08-14-ucsf-bchsi.md
       Jekyll Feed: Generating feed for posts
                    ...done in 0.239315966 seconds.
                    
[2026-02-13 17:21:44] ERROR '/experience/2020/08/14/assets/brand/favicon.ico' not found.
[2026-02-13 17:21:44] ERROR '/experience/2020/08/14/assets/brand/favicon.ico' not found.
      Regenerating: 1 file(s) changed at 2026-02-13 17:21:47
                    _posts/2020-08-14-ucsf-bchsi.md
       Jekyll Feed: Generating feed for posts
                    ...done in 0.275515501 seconds.
                    
[2026-02-13 17:21:47] ERROR '/experience/2020/08/14/assets/brand/favicon.ico' not found.
[2026-02-13 17:21:47] ERROR '/experience/2020/08/14/assets/brand/favicon.ico' not found.
      Regenerating: 1 file(s) changed at 2026-02-13 17:22:31
                    _posts/2020-08-14-ucsf-bchsi.md
       Jekyll Feed: Generating feed for posts
                    ...done in 0.248455407 seconds.
                    
      Regenerating: 1 file(s) changed at 2026-02-13 17:22:48
                    _posts/2020-08-14-ucsf-bchsi.md
       Jekyll Feed: Generating feed for posts
                    ...done in 0.24618422 seconds.
                    
[2026-02-13 17:23:05] ERROR '/experience/2020/08/14/assets/brand/favicon.ico' not found.
      Regenerating: 1 file(s) changed at 2026-02-13 17:25:04
                    assets/images/ucsf-bchsi/ucsf_bchsi_example.png
       Jekyll Feed: Generating feed for posts
                    ...done in 0.27570865 seconds.
                    
      Regenerating: 2 file(s) changed at 2026-02-13 17:25:09
                    assets/images/ucsf-bchsi/example-replacement.png
                    assets/images/ucsf-bchsi/ucsf_bchsi_example.png
       Jekyll Feed: Generating feed for posts
                    ...done in 0.24376153 seconds.
                    
      Regenerating: 1 file(s) changed at 2026-02-13 17:26:04
                    _posts/2020-08-14-ucsf-bchsi.md
       Jekyll Feed: Generating feed for posts
                    ...done in 0.257513319 seconds.
                    
[2026-02-13 17:26:09] ERROR '/experience/2020/08/14/assets/brand/favicon.ico' not found.
      Regenerating: 1 file(s) changed at 2026-02-13 17:26:23
                    _posts/2020-08-14-ucsf-bchsi.md
       Jekyll Feed: Generating feed for posts
                    ...done in 0.282383071 seconds.
                    
[2026-02-13 17:26:24] ERROR '/experience/2020/08/14/assets/brand/favicon.ico' not found.
      Regenerating: 1 file(s) changed at 2026-02-13 17:26:56
                    _posts/2020-08-14-ucsf-bchsi.md
       Jekyll Feed: Generating feed for posts
                    ...done in 0.250250098 seconds.
                    
[2026-02-13 17:26:57] ERROR '/experience/2020/08/14/assets/brand/favicon.ico' not found.
      Regenerating: 1 file(s) changed at 2026-02-13 17:28:00
                    _posts/2020-08-14-ucsf-bchsi.md
       Jekyll Feed: Generating feed for posts
                    ...done in 0.258791571 seconds.
                    
[2026-02-13 17:28:01] ERROR '/experience/2020/08/14/assets/brand/favicon.ico' not found.
      Regenerating: 1 file(s) changed at 2026-02-13 17:29:13
                    _posts/2020-08-14-ucsf-bchsi.md
       Jekyll Feed: Generating feed for posts
                    ...done in 0.25442376 seconds.
                    
[2026-02-13 17:29:14] ERROR '/experience/2020/08/14/assets/brand/favicon.ico' not found.
      Regenerating: 1 file(s) changed at 2026-02-13 17:29:20
                    _posts/2020-08-14-ucsf-bchsi.md
       Jekyll Feed: Generating feed for posts
                    ...done in 0.269999064 seconds.
                    
[2026-02-13 17:29:20] ERROR '/experience/2020/08/14/assets/brand/favicon.ico' not found.
[2026-02-13 17:29:25] ERROR '/projects/2025/01/19/assets/brand/favicon.ico' not found.
[2026-02-13 17:29:25] ERROR '/projects/2025/01/19/assets/brand/favicon.ico' not found.
      Regenerating: 1 file(s) changed at 2026-02-13 17:29:37
                    _posts/2020-08-14-ucsf-bchsi.md
       Jekyll Feed: Generating feed for posts
                    ...done in 0.241682827 seconds.
                    
[2026-02-13 17:29:37] ERROR '/projects/2025/01/19/assets/brand/favicon.ico' not found.
[2026-02-13 17:29:37] ERROR '/projects/2025/01/19/assets/brand/favicon.ico' not found.
      Regenerating: 1 file(s) changed at 2026-02-13 17:29:51
                    _posts/2025-01-19-just-one-flappy-bird.md
       Jekyll Feed: Generating feed for posts
                    ...done in 0.270051756 seconds.
                    
[2026-02-13 17:29:52] ERROR '/projects/2025/01/19/assets/brand/favicon.ico' not found.
[2026-02-13 17:29:52] ERROR '/projects/2025/01/19/assets/brand/favicon.ico' not found.
      Regenerating: 1 file(s) changed at 2026-02-13 17:30:27
                    _posts/2025-01-19-just-one-flappy-bird.md
       Jekyll Feed: Generating feed for posts
                    ...done in 0.264315918 seconds.
                    
[2026-02-13 17:30:27] ERROR '/projects/2025/01/19/assets/brand/favicon.ico' not found.
[2026-02-13 17:30:27] ERROR '/projects/2025/01/19/assets/brand/favicon.ico' not found.
      Regenerating: 1 file(s) changed at 2026-02-13 17:30:36
                    _posts/2025-01-19-just-one-flappy-bird.md
       Jekyll Feed: Generating feed for posts
                    ...done in 0.265052441 seconds.
                    
[2026-02-13 17:30:37] ERROR '/projects/2025/01/19/assets/brand/favicon.ico' not found.
[2026-02-13 17:30:37] ERROR '/projects/2025/01/19/assets/brand/favicon.ico' not found.
      Regenerating: 1 file(s) changed at 2026-02-13 17:30:44
                    _posts/2025-01-19-just-one-flappy-bird.md
       Jekyll Feed: Generating feed for posts
                    ...done in 0.249315974 seconds.
                    
[2026-02-13 17:30:44] ERROR '/projects/2025/01/19/assets/brand/favicon.ico' not found.
[2026-02-13 17:30:44] ERROR '/projects/2025/01/19/assets/brand/favicon.ico' not found.
      Regenerating: 1 file(s) changed at 2026-02-13 17:30:51
                    _posts/2020-08-14-ucsf-bchsi.md
       Jekyll Feed: Generating feed for posts
                    ...done in 0.264266158 seconds.
                    
[2026-02-13 17:30:51] ERROR '/projects/2025/01/19/assets/brand/favicon.ico' not found.
[2026-02-13 17:30:51] ERROR '/projects/2025/01/19/assets/brand/favicon.ico' not found.
[2026-02-13 17:30:58] ERROR '/experience/2020/08/14/assets/brand/favicon.ico' not found.
[2026-02-13 17:30:58] ERROR '/experience/2020/08/14/assets/brand/favicon.ico' not found.
      Regenerating: 1 file(s) changed at 2026-02-13 17:32:48
                    index.html
       Jekyll Feed: Generating feed for posts
                    ...done in 0.254717504 seconds.
                    
      Regenerating: 1 file(s) changed at 2026-02-13 17:33:13
                    _posts/2020-08-14-ucsf-bchsi.md
       Jekyll Feed: Generating feed for posts
                    ...done in 0.285131071 seconds.
                    
      Regenerating: 1 file(s) changed at 2026-02-13 17:33:22
                    _posts/2026-02-11-cmu.md
       Jekyll Feed: Generating feed for posts
                    ...done in 0.257864022 seconds.
                    
      Regenerating: 1 file(s) changed at 2026-02-13 17:33:25
                    _posts/2025-01-19-just-one-flappy-bird.md
       Jekyll Feed: Generating feed for posts
                    ...done in 0.286946587 seconds.
                    
      Regenerating: 1 file(s) changed at 2026-02-13 17:34:06
                    index.html
       Jekyll Feed: Generating feed for posts
                    ...done in 0.250557509 seconds.
                    
      Regenerating: 1 file(s) changed at 2026-02-13 17:34:17
                    index.html
       Jekyll Feed: Generating feed for posts
                    ...done in 0.280927258 seconds.
                    
      Regenerating: 1 file(s) changed at 2026-02-13 17:35:20
                    index.html
       Jekyll Feed: Generating feed for posts
                    ...done in 0.243720123 seconds.
                    
      Regenerating: 1 file(s) changed at 2026-02-13 17:48:46
                    index.html
       Jekyll Feed: Generating feed for posts
  Jekyll Spaceship: [1m[TableProcessor] index.html[0m
                    ...done in 0.285337819 seconds.
                    
      Regenerating: 1 file(s) changed at 2026-02-13 17:48:57
                    index.html
       Jekyll Feed: Generating feed for posts
                    ...done in 0.301300199 seconds.
                    
      Regenerating: 1 file(s) changed at 2026-02-13 17:49:06
                    index.html
       Jekyll Feed: Generating feed for posts
                    ...done in 0.294912246 seconds.
                    
      Regenerating: 1 file(s) changed at 2026-02-13 17:50:03
                    index.html
       Jekyll Feed: Generating feed for posts
                    ...done in 0.25364594 seconds.
                    
      Regenerating: 1 file(s) changed at 2026-02-13 17:50:27
                    index.html
       Jekyll Feed: Generating feed for posts
                    ...done in 0.271823134 seconds.
                    
      Regenerating: 1 file(s) changed at 2026-02-13 17:50:53
                    index.html
       Jekyll Feed: Generating feed for posts
                    ...done in 0.271459887 seconds.
                    
      Regenerating: 1 file(s) changed at 2026-02-13 17:51:26
                    index.html
       Jekyll Feed: Generating feed for posts
                    ...done in 0.272400458 seconds.
                    
      Regenerating: 1 file(s) changed at 2026-02-13 17:51:52
                    index.html
       Jekyll Feed: Generating feed for posts
                    ...done in 0.247249563 seconds.
                    
      Regenerating: 1 file(s) changed at 2026-02-13 17:51:57
                    index.html
       Jekyll Feed: Generating feed for posts
                    ...done in 0.248634382 seconds.
                    
      Regenerating: 1 file(s) changed at 2026-02-13 17:52:21
                    index.html
       Jekyll Feed: Generating feed for posts
                    ...done in 0.25313918 seconds.
                    
      Regenerating: 1 file(s) changed at 2026-02-13 18:06:29
                    index.html
       Jekyll Feed: Generating feed for posts
                    ...done in 0.26462947 seconds.
                    
      Regenerating: 1 file(s) changed at 2026-02-13 18:07:01
                    index.html
       Jekyll Feed: Generating feed for posts
                    ...done in 0.254697007 seconds.
                    
      Regenerating: 1 file(s) changed at 2026-02-13 18:07:26
                    index.html
       Jekyll Feed: Generating feed for posts
                    ...done in 0.256273019 seconds.
                    
      Regenerating: 1 file(s) changed at 2026-02-13 18:10:01
                    index.html
       Jekyll Feed: Generating feed for posts
                    ...done in 0.281540635 seconds.
                    
      Regenerating: 1 file(s) changed at 2026-02-13 18:10:20
                    index.html
       Jekyll Feed: Generating feed for posts
                    ...done in 0.25096391 seconds.
                    
      Regenerating: 1 file(s) changed at 2026-02-13 18:10:30
                    index.html
       Jekyll Feed: Generating feed for posts
                    ...done in 0.247268781 seconds.
                    
      Regenerating: 1 file(s) changed at 2026-02-13 18:19:05
                    index.html
       Jekyll Feed: Generating feed for posts
                    ...done in 0.261578943 seconds.
                    
      Regenerating: 1 file(s) changed at 2026-02-13 18:19:20
                    index.html
       Jekyll Feed: Generating feed for posts
                    ...done in 0.254276462 seconds.
                    
      Regenerating: 1 file(s) changed at 2026-02-13 18:20:05
                    index.html
       Jekyll Feed: Generating feed for posts
                    ...done in 0.267130393 seconds.
                    
      Regenerating: 1 file(s) changed at 2026-02-13 18:20:24
                    index.html
       Jekyll Feed: Generating feed for posts
                    ...done in 0.287010885 seconds.
                    
      Regenerating: 1 file(s) changed at 2026-02-13 18:21:44
                    index.html
       Jekyll Feed: Generating feed for posts
                    ...done in 0.254963301 seconds.
                    
      Regenerating: 1 file(s) changed at 2026-02-13 18:22:13
                    index.html
       Jekyll Feed: Generating feed for posts
                    ...done in 0.259294025 seconds.
                    
      Regenerating: 1 file(s) changed at 2026-02-13 18:23:35
                    index.html
       Jekyll Feed: Generating feed for posts
                    ...done in 0.255109374 seconds.
                    
      Regenerating: 1 file(s) changed at 2026-02-13 18:23:47
                    index.html
       Jekyll Feed: Generating feed for posts
                    ...done in 0.266492768 seconds.
                    
      Regenerating: 1 file(s) changed at 2026-02-13 18:24:21
                    index.html
       Jekyll Feed: Generating feed for posts
                    ...done in 0.256419663 seconds.
                    
