current directory: /home/dchan/personal-work/website/personalWebsite2/.bundle/gems/json-2.18.1/ext/json/ext/parser
/nix/store/xz4msjk94m7r5kn7fpi186w0vn9lm839-ruby-3.3.8/bin/ruby extconf.rb
checking for rb_enc_interned_str() in ruby/encoding.h... yes
checking for rb_str_to_interned_str() in ruby.h... yes
checking for rb_hash_new_capa() in ruby.h... yes
checking for rb_hash_bulk_insert() in ruby.h... yes
checking for whether -std=c99 is accepted as CFLAGS... yes
checking for x86intrin.h... yes
checking for cpuid.h... yes
creating Makefile

current directory: /home/dchan/personal-work/website/personalWebsite2/.bundle/gems/json-2.18.1/ext/json/ext/parser
make DESTDIR\= sitearchdir\=./.gem.20260210-8041-cg9lfy sitelibdir\=./.gem.20260210-8041-cg9lfy clean

current directory: /home/dchan/personal-work/website/personalWebsite2/.bundle/gems/json-2.18.1/ext/json/ext/parser
make DESTDIR\= sitearchdir\=./.gem.20260210-8041-cg9lfy sitelibdir\=./.gem.20260210-8041-cg9lfy
compiling parser.c
linking shared-object json/ext/parser.so

current directory: /home/dchan/personal-work/website/personalWebsite2/.bundle/gems/json-2.18.1/ext/json/ext/parser
make DESTDIR\= sitearchdir\=./.gem.20260210-8041-cg9lfy sitelibdir\=./.gem.20260210-8041-cg9lfy install
install -c -p -m 755 parser.so ./.gem.20260210-8041-cg9lfy/json/ext

current directory: /home/dchan/personal-work/website/personalWebsite2/.bundle/gems/json-2.18.1/ext/json/ext/parser
make DESTDIR\= sitearchdir\=./.gem.20260210-8041-cg9lfy sitelibdir\=./.gem.20260210-8041-cg9lfy clean
